0 info it worked if it ends with ok
1 verbose cli [ 'C:\\Program Files\\nodejs\\node.exe',
1 verbose cli   'C:\\Program Files\\nodejs\\node_modules\\npm\\bin\\npm-cli.js',
1 verbose cli   'start' ]
2 info using npm@3.10.10
3 info using node@v6.9.4
4 verbose run-script [ 'prestart', 'start', 'poststart' ]
5 info lifecycle liste-des-taches@1.0.1~prestart: liste-des-taches@1.0.1
6 silly lifecycle liste-des-taches@1.0.1~prestart: no script for prestart, continuing
7 info lifecycle liste-des-taches@1.0.1~start: liste-des-taches@1.0.1
8 verbose lifecycle liste-des-taches@1.0.1~start: unsafe-perm in lifecycle true
9 verbose lifecycle liste-des-taches@1.0.1~start: PATH: C:\Program Files\nodejs\node_modules\npm\bin\node-gyp-bin;D:\wamp64\www\Liste-des-taches\node_modules\.bin;C:\Users\ash-c\bin;D:\Git\mingw64\bin;D:\Git\usr\local\bin;D:\Git\usr\bin;D:\Git\usr\bin;D:\Git\mingw64\bin;D:\Git\usr\bin;C:\Users\ash-c\bin;C:\ProgramData\Oracle\Java\javapath;C:\WINDOWS\system32;C:\WINDOWS;C:\WINDOWS\System32\Wbem;C:\WINDOWS\System32\WindowsPowerShell\v1.0;D:\wamp64\bin\zend_framework\bin\zf.bat;D:\Git\cmd;D:\wamp64\bin\php\php7.0.10;C:\ProgramData\ComposerSetup\bin;C:\Program Files (x86)\AMD\ATI.ACE\Core-Static;C:\Program Files (x86)\Windows Kits\10\Windows Performance Toolkit;C:\Program Files\nodejs;C:\Program Files\ASUS\Bluetooth Software;C:\Program Files\ASUS\Bluetooth Software\syswow64;D:\Ruby23-x64\bin;C:\Users\ash-c\AppData\Local\Microsoft\WindowsApps;C:\Users\ash-c\AppData\Local\atom\bin;C:\Users\ash-c\AppData\Roaming\Composer\vendor\bin;C:\Users\ash-c\AppData\Local\Microsoft\WindowsApps;C:\Users\ash-c\AppData\Roaming\npm;C:\Program Files (x86)\Microsoft VS Code\bin;D:\Git\usr\bin\vendor_perl;D:\Git\usr\bin\core_perl
10 verbose lifecycle liste-des-taches@1.0.1~start: CWD: D:\wamp64\www\Liste-des-taches
11 silly lifecycle liste-des-taches@1.0.1~start: Args: [ '/d /s /c', 'tsc && concurrently "tsc -w" "lite-server" ' ]
12 silly lifecycle liste-des-taches@1.0.1~start: Returned: code: 2  signal: null
13 info lifecycle liste-des-taches@1.0.1~start: Failed to exec start script
14 verbose stack Error: liste-des-taches@1.0.1 start: `tsc && concurrently "tsc -w" "lite-server" `
14 verbose stack Exit status 2
14 verbose stack     at EventEmitter.<anonymous> (C:\Program Files\nodejs\node_modules\npm\lib\utils\lifecycle.js:255:16)
14 verbose stack     at emitTwo (events.js:106:13)
14 verbose stack     at EventEmitter.emit (events.js:191:7)
14 verbose stack     at ChildProcess.<anonymous> (C:\Program Files\nodejs\node_modules\npm\lib\utils\spawn.js:40:14)
14 verbose stack     at emitTwo (events.js:106:13)
14 verbose stack     at ChildProcess.emit (events.js:191:7)
14 verbose stack     at maybeClose (internal/child_process.js:877:16)
14 verbose stack     at Process.ChildProcess._handle.onexit (internal/child_process.js:226:5)
15 verbose pkgid liste-des-taches@1.0.1
16 verbose cwd D:\wamp64\www\Liste-des-taches
17 error Windows_NT 10.0.15046
18 error argv "C:\\Program Files\\nodejs\\node.exe" "C:\\Program Files\\nodejs\\node_modules\\npm\\bin\\npm-cli.js" "start"
19 error node v6.9.4
20 error npm  v3.10.10
21 error code ELIFECYCLE
22 error liste-des-taches@1.0.1 start: `tsc && concurrently "tsc -w" "lite-server" `
22 error Exit status 2
23 error Failed at the liste-des-taches@1.0.1 start script 'tsc && concurrently "tsc -w" "lite-server" '.
23 error Make sure you have the latest version of node.js and npm installed.
23 error If you do, this is most likely a problem with the liste-des-taches package,
23 error not with npm itself.
23 error Tell the author that this fails on your system:
23 error     tsc && concurrently "tsc -w" "lite-server"
23 error You can get information on how to open an issue for this project with:
23 error     npm bugs liste-des-taches
23 error Or if that isn't available, you can get their info via:
23 error     npm owner ls liste-des-taches
23 error There is likely additional logging output above.
24 verbose exit [ 1, true ]
